DiagnosticsPlugin.exe Information: 0 : [10/11/2015 10:49:39] Starting DiagnosticPlugin.exe DiagnosticPlugin-ShutdownEvent DiagnosticPlugin-TotalShutdownEvent -wadVer1v4
DiagnosticsPlugin.exe Information: 0 : [10/11/2015 10:49:39] Successfully saved IIS Directory state
DiagnosticsPlugin.exe Information: 0 : [10/11/2015 10:49:39] Successfully saved IIS Directory state
DiagnosticsPlugin.exe Information: 0 : [10/11/2015 10:49:39] Starting DiagnosticsPlugin
DiagnosticsPlugin.exe Information: 0 : [10/11/2015 10:49:39] Emulator config file set to C:\Users\sarath.mohan\Desktop\Project\ggg\Lebara.TopUpService.RAF\Lebara.TopUpService.RAF\csx\Debug\roles\LebaraVoipRAF\approot\diagnostics.wadcfgx
DiagnosticsPlugin.exe Information: 0 : [10/11/2015 10:49:39] DiagnosticsStoreRootPath set to: C:\Users\sarath.mohan\Desktop\Project\ggg\Lebara.TopUpService.RAF\Lebara.TopUpService.RAF\csx\Debug\roles\LebaraVoipRAF\approot
DiagnosticsPlugin.exe Information: 0 : [10/11/2015 10:49:39] Loading config file: C:\Users\sarath.mohan\Desktop\Project\ggg\Lebara.TopUpService.RAF\Lebara.TopUpService.RAF\csx\Debug\roles\LebaraVoipRAF\approot\diagnostics.wadcfgx
DiagnosticsPlugin.exe Information: 0 : [10/11/2015 10:49:39] Checking VM Type
DiagnosticsPlugin.exe Information: 0 : [10/11/2015 10:49:39] Emulator config file set to C:\Users\sarath.mohan\Desktop\Project\ggg\Lebara.TopUpService.RAF\Lebara.TopUpService.RAF\csx\Debug\roles\LebaraVoipRAF\approot\diagnostics.wadcfgx
DiagnosticsPlugin.exe Information: 0 : [10/11/2015 10:49:39] Extension set to Emulator Mode
DiagnosticsPlugin.exe Information: 0 : [10/11/2015 10:49:39] Reading XML configuration file
DiagnosticsPlugin.exe Information: 0 : [10/11/2015 10:49:39] Bypassing private config decryption
DiagnosticsPlugin.exe Information: 0 : [10/11/2015 10:49:39] WadCfg is provided in initial configuration. Using that to initialize Diagnostics.
DiagnosticsPlugin.exe Information: 0 : [10/11/2015 10:49:39] <PublicConfig xmlns="http://schemas.microsoft.com/ServiceHosting/2010/10/DiagnosticsConfiguration">
  <WadCfg>
    <DiagnosticMonitorConfiguration overallQuotaInMB="4096">
      <DiagnosticInfrastructureLogs scheduledTransferLogLevelFilter="Error" />
      <Logs scheduledTransferPeriod="PT1M" scheduledTransferLogLevelFilter="Error" />
      <Directories scheduledTransferPeriod="PT1M">
        <IISLogs containerName="wad-iis-logfiles" />
        <FailedRequestLogs containerName="wad-failedrequestlogs" />
      </Directories>
      <WindowsEventLog scheduledTransferPeriod="PT1M">
        <DataSource name="Application!*" />
      </WindowsEventLog>
      <CrashDumps containerName="wad-crashdumps" dumpType="Mini">
        <CrashDumpConfiguration processName="WaIISHost.exe" />
        <CrashDumpConfiguration processName="WaWorkerHost.exe" />
        <CrashDumpConfiguration processName="w3wp.exe" />
      </CrashDumps>
      <PerformanceCounters scheduledTransferPeriod="PT1M">
        <PerformanceCounterConfiguration counterSpecifier="\Memory\Available MBytes" sampleRate="PT3M" />
        <PerformanceCounterConfiguration counterSpecifier="\Web Service(_Total)\ISAPI Extension Requests/sec" sampleRate="PT3M" />
        <PerformanceCounterConfiguration counterSpecifier="\Web Service(_Total)\Bytes Total/Sec" sampleRate="PT3M" />
        <PerformanceCounterConfiguration counterSpecifier="\ASP.NET Applications(__Total__)\Requests/Sec" sampleRate="PT3M" />
        <PerformanceCounterConfiguration counterSpecifier="\ASP.NET Applications(__Total__)\Errors Total/Sec" sampleRate="PT3M" />
        <PerformanceCounterConfiguration counterSpecifier="\ASP.NET\Requests Queued" sampleRate="PT3M" />
        <PerformanceCounterConfiguration counterSpecifier="\ASP.NET\Requests Rejected" sampleRate="PT3M" />
        <PerformanceCounterConfiguration counterSpecifier="\Processor(_Total)\% Processor Time" sampleRate="PT3M" />
      </PerformanceCounters>
    </DiagnosticMonitorConfiguration>
  </WadCfg>
  <StorageAccount>devstoreaccount1</StorageAccount>
</PublicConfig>
DiagnosticsPlugin.exe Information: 0 : [10/11/2015 10:49:39] Private setting is loaded
DiagnosticsPlugin.exe Information: 0 : [10/11/2015 10:49:39] Successfully created checkpoint file C:\Users\sarath.mohan\Desktop\Project\ggg\Lebara.TopUpService.RAF\Lebara.TopUpService.RAF\csx\Debug\roles\LebaraVoipRAF\approot\WAD0104\Configuration\Checkpoint.txt
DiagnosticsPlugin.exe Information: 0 : [10/11/2015 10:49:39] Will use local resource directory C:\Users\sarath.mohan\Desktop\Project\ggg\Lebara.TopUpService.RAF\Lebara.TopUpService.RAF\csx\Debug\roles\LebaraVoipRAF\approot\WAD0104
DiagnosticsPlugin.exe Information: 0 : [10/11/2015 10:49:39] Will use endpoint https://core.windows.net for storage.
DiagnosticsPlugin.exe Information: 0 : [10/11/2015 10:49:40] Expanding path %SystemDrive%\inetpub\logs\LogFiles to C:\inetpub\logs\LogFiles
DiagnosticsPlugin.exe Information: 0 : [10/11/2015 10:49:40] Expanding path %SystemDrive%\inetpub\logs\FailedReqLogFiles to C:\inetpub\logs\FailedReqLogFiles
DiagnosticsPlugin.exe Information: 0 : [10/11/2015 10:49:40] Expanding path %SystemDrive%\inetpub\logs\LogFiles to C:\inetpub\logs\LogFiles
DiagnosticsPlugin.exe Information: 0 : [10/11/2015 10:49:40] Expanding path %SystemDrive%\inetpub\logs\FailedReqLogFiles to C:\inetpub\logs\FailedReqLogFiles
DiagnosticsPlugin.exe Information: 0 : [10/11/2015 10:49:40] Created IIS log watch item: "C:\inetpub\logs\LogFiles"
DiagnosticsPlugin.exe Information: 0 : [10/11/2015 10:49:40] Created IIS failed requests watch item: "C:\inetpub\logs\FailedReqLogFiles"
DiagnosticsPlugin.exe Information: 0 : [10/11/2015 10:49:40] Running in emulator mode, crash dumps not enabled
DiagnosticsPlugin.exe Information: 0 : [10/11/2015 10:49:40] In emulator mode and using devstore updating XStoreAccount info, command line args: -LocalPath "C:\Users\sarath.mohan\Desktop\Project\ggg\Lebara.TopUpService.RAF\Lebara.TopUpService.RAF\csx\Debug\roles\LebaraVoipRAF\approot\WAD0104"  -ConfigFile "C:\Users\sarath.mohan\Desktop\Project\ggg\Lebara.TopUpService.RAF\Lebara.TopUpService.RAF\csx\Debug\roles\LebaraVoipRAF\approot\WAD0104\Configuration\MaConfig.xml" -ShutDownEvent WADDM-ShutDown-4821ebce9bd942c0bf30e12eb37736f4  -TotalShutDownEvent WADDM-TotalShutDown-4821ebce9bd942c0bf30e12eb37736f4 -InitializedEvent WADM-StartUp-4821ebce9bd942c0bf30e12eb37736f4 -parent 26336 -events -wadVer1v4 -UseProxyServer -XStoreAccounts WadAccount#true#devstoreaccount1#Eby8vdM02xNOcqFlqUwJPLlmEtlCDXJ1OUzFT50uSRZ6IFsuFq2UVErCz4I6tq/K1SZFPTOtr/KBHBeksoGMGw==#http://127.0.0.1:10002#http://127.0.0.1:10001#http://127.0.0.1:10000
DiagnosticsPlugin.exe Information: 0 : [10/11/2015 10:50:40] MonAgentHost.exe started
DiagnosticsPlugin.exe Information: 0 : [10/11/2015 10:50:40] DiagnoticsPlugin started.
DiagnosticsPlugin.exe Information: 0 : [10/11/2015 10:50:40] DiagnoticsPlugin now waiting on events "DiagnosticPlugin-ShutdownEvent", "DiagnosticPlugin-TotalShutdownEvent" or "DiagnosticPlugin-RestartEvent".
